Analysis & Synthesis report for Bancoreg
Thu Jan 27 13:30:13 2022
Quartus Prime Version 20.1.0 Build 711 06/05/2020 SJ Lite Edition


---------------------
; Table of Contents ;
---------------------
  1. Legal Notice
  2. Analysis & Synthesis Summary
  3. Analysis & Synthesis Settings
  4. Parallel Compilation
  5. Analysis & Synthesis Source Files Read
  6. Analysis & Synthesis Resource Usage Summary
  7. Analysis & Synthesis Resource Utilization by Entity
  8. General Register Statistics
  9. Multiplexer Restructuring Statistics (Restructuring Performed)
 10. Parameter Settings for User Entity Instance: BancoRegistro:bancoRegistro
 11. Port Connectivity Checks: "display:disp"
 12. Post-Synthesis Netlist Statistics for Top Partition
 13. Elapsed Time Per Partition
 14. Analysis & Synthesis Messages



----------------
; Legal Notice ;
----------------
Copyright (C) 2020  Intel Corporation. All rights reserved.
Your use of Intel Corporation's design tools, logic functions 
and other software and tools, and any partner logic 
functions, and any output files from any of the foregoing 
(including device programming or simulation files), and any 
associated documentation or information are expressly subject 
to the terms and conditions of the Intel Program License 
Subscription Agreement, the Intel Quartus Prime License Agreement,
the Intel FPGA IP License Agreement, or other applicable license
agreement, including, without limitation, that your use is for
the sole purpose of programming logic devices manufactured by
Intel and sold by Intel or its authorized distributors.  Please
refer to the applicable agreement for further details, at
https://fpgasoftware.intel.com/eula.



+----------------------------------------------------------------------------------+
; Analysis & Synthesis Summary                                                     ;
+------------------------------------+---------------------------------------------+
; Analysis & Synthesis Status        ; Successful - Thu Jan 27 13:30:13 2022       ;
; Quartus Prime Version              ; 20.1.0 Build 711 06/05/2020 SJ Lite Edition ;
; Revision Name                      ; Bancoreg                                    ;
; Top-level Entity Name              ; Bancoreg                                    ;
; Family                             ; Cyclone IV E                                ;
; Total logic elements               ; 93                                          ;
;     Total combinational functions  ; 65                                          ;
;     Dedicated logic registers      ; 42                                          ;
; Total registers                    ; 42                                          ;
; Total pins                         ; 27                                          ;
; Total virtual pins                 ; 0                                           ;
; Total memory bits                  ; 0                                           ;
; Embedded Multiplier 9-bit elements ; 0                                           ;
; Total PLLs                         ; 0                                           ;
+------------------------------------+---------------------------------------------+


+------------------------------------------------------------------------------------------------------------+
; Analysis & Synthesis Settings                                                                              ;
+------------------------------------------------------------------+--------------------+--------------------+
; Option                                                           ; Setting            ; Default Value      ;
+------------------------------------------------------------------+--------------------+--------------------+
; Device                                                           ; EP4CE10E22C8       ;                    ;
; Top-level entity name                                            ; Bancoreg           ; Bancoreg           ;
; Family name                                                      ; Cyclone IV E       ; Cyclone V          ;
; Use smart compilation                                            ; Off                ; Off                ;
; Enable parallel Assembler and Timing Analyzer during compilation ; On                 ; On                 ;
; Enable compact report table                                      ; Off                ; Off                ;
; Restructure Multiplexers                                         ; Auto               ; Auto               ;
; Create Debugging Nodes for IP Cores                              ; Off                ; Off                ;
; Preserve fewer node names                                        ; On                 ; On                 ;
; Intel FPGA IP Evaluation Mode                                    ; Enable             ; Enable             ;
; Verilog Version                                                  ; Verilog_2001       ; Verilog_2001       ;
; VHDL Version                                                     ; VHDL_1993          ; VHDL_1993          ;
; State Machine Processing                                         ; Auto               ; Auto               ;
; Safe State Machine                                               ; Off                ; Off                ;
; Extract Verilog State Machines                                   ; On                 ; On                 ;
; Extract VHDL State Machines                                      ; On                 ; On                 ;
; Ignore Verilog initial constructs                                ; Off                ; Off                ;
; Iteration limit for constant Verilog loops                       ; 5000               ; 5000               ;
; Iteration limit for non-constant Verilog loops                   ; 250                ; 250                ;
; Add Pass-Through Logic to Inferred RAMs                          ; On                 ; On                 ;
; Infer RAMs from Raw Logic                                        ; On                 ; On                 ;
; Parallel Synthesis                                               ; On                 ; On                 ;
; DSP Block Balancing                                              ; Auto               ; Auto               ;
; NOT Gate Push-Back                                               ; On                 ; On                 ;
; Power-Up Don't Care                                              ; On                 ; On                 ;
; Remove Redundant Logic Cells                                     ; Off                ; Off                ;
; Remove Duplicate Registers                                       ; On                 ; On                 ;
; Ignore CARRY Buffers                                             ; Off                ; Off                ;
; Ignore CASCADE Buffers                                           ; Off                ; Off                ;
; Ignore GLOBAL Buffers                                            ; Off                ; Off                ;
; Ignore ROW GLOBAL Buffers                                        ; Off                ; Off                ;
; Ignore LCELL Buffers                                             ; Off                ; Off                ;
; Ignore SOFT Buffers                                              ; On                 ; On                 ;
; Limit AHDL Integers to 32 Bits                                   ; Off                ; Off                ;
; Optimization Technique                                           ; Balanced           ; Balanced           ;
; Carry Chain Length                                               ; 70                 ; 70                 ;
; Auto Carry Chains                                                ; On                 ; On                 ;
; Auto Open-Drain Pins                                             ; On                 ; On                 ;
; Perform WYSIWYG Primitive Resynthesis                            ; Off                ; Off                ;
; Auto ROM Replacement                                             ; On                 ; On                 ;
; Auto RAM Replacement                                             ; On                 ; On                 ;
; Auto DSP Block Replacement                                       ; On                 ; On                 ;
; Auto Shift Register Replacement                                  ; Auto               ; Auto               ;
; Allow Shift Register Merging across Hierarchies                  ; Auto               ; Auto               ;
; Auto Clock Enable Replacement                                    ; On                 ; On                 ;
; Strict RAM Replacement                                           ; Off                ; Off                ;
; Allow Synchronous Control Signals                                ; On                 ; On                 ;
; Force Use of Synchronous Clear Signals                           ; Off                ; Off                ;
; Auto RAM Block Balancing                                         ; On                 ; On                 ;
; Auto RAM to Logic Cell Conversion                                ; Off                ; Off                ;
; Auto Resource Sharing                                            ; Off                ; Off                ;
; Allow Any RAM Size For Recognition                               ; Off                ; Off                ;
; Allow Any ROM Size For Recognition                               ; Off                ; Off                ;
; Allow Any Shift Register Size For Recognition                    ; Off                ; Off                ;
; Use LogicLock Constraints during Resource Balancing              ; On                 ; On                 ;
; Ignore translate_off and synthesis_off directives                ; Off                ; Off                ;
; Timing-Driven Synthesis                                          ; On                 ; On                 ;
; Report Parameter Settings                                        ; On                 ; On                 ;
; Report Source Assignments                                        ; On                 ; On                 ;
; Report Connectivity Checks                                       ; On                 ; On                 ;
; Ignore Maximum Fan-Out Assignments                               ; Off                ; Off                ;
; Synchronization Register Chain Length                            ; 2                  ; 2                  ;
; Power Optimization During Synthesis                              ; Normal compilation ; Normal compilation ;
; HDL message level                                                ; Level2             ; Level2             ;
; Suppress Register Optimization Related Messages                  ; Off                ; Off                ;
; Number of Removed Registers Reported in Synthesis Report         ; 5000               ; 5000               ;
; Number of Swept Nodes Reported in Synthesis Report               ; 5000               ; 5000               ;
; Number of Inverted Registers Reported in Synthesis Report        ; 100                ; 100                ;
; Clock MUX Protection                                             ; On                 ; On                 ;
; Auto Gated Clock Conversion                                      ; Off                ; Off                ;
; Block Design Naming                                              ; Auto               ; Auto               ;
; SDC constraint protection                                        ; Off                ; Off                ;
; Synthesis Effort                                                 ; Auto               ; Auto               ;
; Shift Register Replacement - Allow Asynchronous Clear Signal     ; On                 ; On                 ;
; Pre-Mapping Resynthesis Optimization                             ; Off                ; Off                ;
; Analysis & Synthesis Message Level                               ; Medium             ; Medium             ;
; Disable Register Merging Across Hierarchies                      ; Auto               ; Auto               ;
; Resource Aware Inference For Block RAM                           ; On                 ; On                 ;
+------------------------------------------------------------------+--------------------+--------------------+


+------------------------------------------+
; Parallel Compilation                     ;
+----------------------------+-------------+
; Processors                 ; Number      ;
+----------------------------+-------------+
; Number detected on machine ; 8           ;
; Maximum allowed            ; 4           ;
;                            ;             ;
; Average used               ; 1.00        ;
; Maximum used               ; 4           ;
;                            ;             ;
; Usage by Processor         ; % Time Used ;
;     Processor 1            ; 100.0%      ;
;     Processors 2-4         ;   0.0%      ;
+----------------------------+-------------+


+---------------------------------------------------------------------------------------------------------------------------------------------------------------------------------------------------------------------------------------+
; Analysis & Synthesis Source Files Read                                                                                                                                                                                                ;
+-----------------------------------+-----------------+------------------------+----------------------------------------------------------------------------------------------------------------------------------------------+---------+
; File Name with User-Entered Path  ; Used in Netlist ; File Type              ; File Name with Absolute Path                                                                                                                 ; Library ;
+-----------------------------------+-----------------+------------------------+----------------------------------------------------------------------------------------------------------------------------------------------+---------+
; src/display/display.v             ; yes             ; User Verilog HDL File  ; G:/Users/Administrador/Documents/UNAL Docs/2021 - II/Electronica Digital I/Lab/lab04-2021-2-grupo05-2021-2/src/display/display.v             ;         ;
; src/display/BCDtoSSeg.v           ; yes             ; User Verilog HDL File  ; G:/Users/Administrador/Documents/UNAL Docs/2021 - II/Electronica Digital I/Lab/lab04-2021-2-grupo05-2021-2/src/display/BCDtoSSeg.v           ;         ;
; src/bancoRegistro/BancoRegistro.v ; yes             ; User Verilog HDL File  ; G:/Users/Administrador/Documents/UNAL Docs/2021 - II/Electronica Digital I/Lab/lab04-2021-2-grupo05-2021-2/src/bancoRegistro/BancoRegistro.v ;         ;
; Bancoreg.v                        ; yes             ; User Verilog HDL File  ; G:/Users/Administrador/Documents/UNAL Docs/2021 - II/Electronica Digital I/Lab/lab04-2021-2-grupo05-2021-2/Bancoreg.v                        ;         ;
+-----------------------------------+-----------------+------------------------+----------------------------------------------------------------------------------------------------------------------------------------------+---------+


+---------------------------------------------------------+
; Analysis & Synthesis Resource Usage Summary             ;
+---------------------------------------------+-----------+
; Resource                                    ; Usage     ;
+---------------------------------------------+-----------+
; Estimated Total logic elements              ; 93        ;
;                                             ;           ;
; Total combinational functions               ; 65        ;
; Logic element usage by number of LUT inputs ;           ;
;     -- 4 input functions                    ; 44        ;
;     -- 3 input functions                    ; 2         ;
;     -- <=2 input functions                  ; 19        ;
;                                             ;           ;
; Logic elements by mode                      ;           ;
;     -- normal mode                          ; 65        ;
;     -- arithmetic mode                      ; 0         ;
;                                             ;           ;
; Total registers                             ; 42        ;
;     -- Dedicated logic registers            ; 42        ;
;     -- I/O registers                        ; 0         ;
;                                             ;           ;
; I/O pins                                    ; 27        ;
;                                             ;           ;
; Embedded Multiplier 9-bit elements          ; 0         ;
;                                             ;           ;
; Maximum fan-out node                        ; clk~input ;
; Maximum fan-out                             ; 42        ;
; Total fan-out                               ; 383       ;
; Average fan-out                             ; 2.38      ;
+---------------------------------------------+-----------+


+-----------------------------------------------------------------------------------------------------------------------------------------------------------------------------------------------------------------------------------------+
; Analysis & Synthesis Resource Utilization by Entity                                                                                                                                                                                     ;
+----------------------------------+---------------------+---------------------------+-------------+--------------+---------+-----------+------+--------------+--------------------------------------------+---------------+--------------+
; Compilation Hierarchy Node       ; Combinational ALUTs ; Dedicated Logic Registers ; Memory Bits ; DSP Elements ; DSP 9x9 ; DSP 18x18 ; Pins ; Virtual Pins ; Full Hierarchy Name                        ; Entity Name   ; Library Name ;
+----------------------------------+---------------------+---------------------------+-------------+--------------+---------+-----------+------+--------------+--------------------------------------------+---------------+--------------+
; |Bancoreg                        ; 65 (0)              ; 42 (0)                    ; 0           ; 0            ; 0       ; 0         ; 27   ; 0            ; |Bancoreg                                  ; Bancoreg      ; work         ;
;    |BancoRegistro:bancoRegistro| ; 28 (28)             ; 32 (32)                   ; 0           ; 0            ; 0       ; 0         ; 0    ; 0            ; |Bancoreg|BancoRegistro:bancoRegistro      ; BancoRegistro ; work         ;
;    |display:disp|                ; 37 (30)             ; 10 (10)                   ; 0           ; 0            ; 0       ; 0         ; 0    ; 0            ; |Bancoreg|display:disp                     ; display       ; work         ;
;       |BCDtoSSeg:bcdtosseg|      ; 7 (7)               ; 0 (0)                     ; 0           ; 0            ; 0       ; 0         ; 0    ; 0            ; |Bancoreg|display:disp|BCDtoSSeg:bcdtosseg ; BCDtoSSeg     ; work         ;
+----------------------------------+---------------------+---------------------------+-------------+--------------+---------+-----------+------+--------------+--------------------------------------------+---------------+--------------+
Note: For table entries with two numbers listed, the numbers in parentheses indicate the number of resources of the given type used by the specific entity alone. The numbers listed outside of parentheses indicate the total resources of the given type used by the specific entity and all of its sub-entities in the hierarchy.


+------------------------------------------------------+
; General Register Statistics                          ;
+----------------------------------------------+-------+
; Statistic                                    ; Value ;
+----------------------------------------------+-------+
; Total registers                              ; 42    ;
; Number of registers using Synchronous Clear  ; 1     ;
; Number of registers using Synchronous Load   ; 4     ;
; Number of registers using Asynchronous Clear ; 0     ;
; Number of registers using Asynchronous Load  ; 0     ;
; Number of registers using Clock Enable       ; 36    ;
; Number of registers using Preset             ; 0     ;
+----------------------------------------------+-------+


+----------------------------------------------------------------------------------------------------------------------------------------------------------------+
; Multiplexer Restructuring Statistics (Restructuring Performed)                                                                                                 ;
+--------------------+-----------+---------------+----------------------+------------------------+------------+--------------------------------------------------+
; Multiplexer Inputs ; Bus Width ; Baseline Area ; Area if Restructured ; Saving if Restructured ; Registered ; Example Multiplexer Output                       ;
+--------------------+-----------+---------------+----------------------+------------------------+------------+--------------------------------------------------+
; 3:1                ; 4 bits    ; 8 LEs         ; 4 LEs                ; 4 LEs                  ; Yes        ; |Bancoreg|BancoRegistro:bancoRegistro|breg[6][3] ;
; 3:1                ; 4 bits    ; 8 LEs         ; 4 LEs                ; 4 LEs                  ; Yes        ; |Bancoreg|BancoRegistro:bancoRegistro|breg[5][3] ;
; 3:1                ; 4 bits    ; 8 LEs         ; 4 LEs                ; 4 LEs                  ; Yes        ; |Bancoreg|BancoRegistro:bancoRegistro|breg[4][2] ;
; 3:1                ; 4 bits    ; 8 LEs         ; 4 LEs                ; 4 LEs                  ; Yes        ; |Bancoreg|BancoRegistro:bancoRegistro|breg[3][2] ;
; 3:1                ; 4 bits    ; 8 LEs         ; 4 LEs                ; 4 LEs                  ; Yes        ; |Bancoreg|BancoRegistro:bancoRegistro|breg[2][2] ;
; 3:1                ; 4 bits    ; 8 LEs         ; 4 LEs                ; 4 LEs                  ; Yes        ; |Bancoreg|BancoRegistro:bancoRegistro|breg[1][2] ;
; 3:1                ; 4 bits    ; 8 LEs         ; 4 LEs                ; 4 LEs                  ; Yes        ; |Bancoreg|BancoRegistro:bancoRegistro|breg[0][2] ;
; 18:1               ; 3 bits    ; 36 LEs        ; 18 LEs               ; 18 LEs                 ; Yes        ; |Bancoreg|display:disp|bcd[2]                    ;
+--------------------+-----------+---------------+----------------------+------------------------+------------+--------------------------------------------------+


+--------------------------------------------------------------------------+
; Parameter Settings for User Entity Instance: BancoRegistro:bancoRegistro ;
+----------------+-------+-------------------------------------------------+
; Parameter Name ; Value ; Type                                            ;
+----------------+-------+-------------------------------------------------+
; BIT_ADDR       ; 3     ; Signed Integer                                  ;
; BIT_DATO       ; 4     ; Signed Integer                                  ;
+----------------+-------+-------------------------------------------------+
Note: In order to hide this table in the UI and the text report file, please set the "Show Parameter Settings in Synthesis Report" option in "Analysis and Synthesis Settings -> More Settings" to "Off".


+--------------------------------------------------------------------------------------------------------------------------------------------------+
; Port Connectivity Checks: "display:disp"                                                                                                         ;
+------+--------+----------+-----------------------------------------------------------------------------------------------------------------------+
; Port ; Type   ; Severity ; Details                                                                                                               ;
+------+--------+----------+-----------------------------------------------------------------------------------------------------------------------+
; an   ; Output ; Warning  ; Output or bidir port (6 bits) is wider than the port expression (4 bits) it drives; bit(s) "an[5..4]" have no fanouts ;
; led  ; Output ; Warning  ; Declared by entity but not connected by instance. Logic that only feeds a dangling port will be removed.              ;
+------+--------+----------+-----------------------------------------------------------------------------------------------------------------------+


+-----------------------------------------------------+
; Post-Synthesis Netlist Statistics for Top Partition ;
+-----------------------+-----------------------------+
; Type                  ; Count                       ;
+-----------------------+-----------------------------+
; boundary_port         ; 27                          ;
; cycloneiii_ff         ; 42                          ;
;     ENA               ; 36                          ;
;     SCLR              ; 1                           ;
;     SLD               ; 4                           ;
;     plain             ; 1                           ;
; cycloneiii_lcell_comb ; 66                          ;
;     normal            ; 66                          ;
;         1 data inputs ; 1                           ;
;         2 data inputs ; 19                          ;
;         3 data inputs ; 2                           ;
;         4 data inputs ; 44                          ;
;                       ;                             ;
; Max LUT depth         ; 5.00                        ;
; Average LUT depth     ; 2.98                        ;
+-----------------------+-----------------------------+


+-------------------------------+
; Elapsed Time Per Partition    ;
+----------------+--------------+
; Partition Name ; Elapsed Time ;
+----------------+--------------+
; Top            ; 00:00:00     ;
+----------------+--------------+


+-------------------------------+
; Analysis & Synthesis Messages ;
+-------------------------------+
Info: *******************************************************************
Info: Running Quartus Prime Analysis & Synthesis
    Info: Version 20.1.0 Build 711 06/05/2020 SJ Lite Edition
    Info: Processing started: Thu Jan 27 13:30:02 2022
Info: Command: quartus_map --read_settings_files=on --write_settings_files=off Bancoreg -c Bancoreg
Warning (18236): Number of processors has not been specified which may cause overloading on shared machines.  Set the global assignment NUM_PARALLEL_PROCESSORS in your QSF to an appropriate value for best performance.
Info (20030): Parallel compilation is enabled and will use 4 of the 4 processors detected
Warning (10229): Verilog HDL Expression warning at display.v(38): truncated literal to match 2 bits File: G:/Users/Administrador/Documents/UNAL Docs/2021 - II/Electronica Digital I/Lab/lab04-2021-2-grupo05-2021-2/src/display/display.v Line: 38
Warning (10229): Verilog HDL Expression warning at display.v(39): truncated literal to match 2 bits File: G:/Users/Administrador/Documents/UNAL Docs/2021 - II/Electronica Digital I/Lab/lab04-2021-2-grupo05-2021-2/src/display/display.v Line: 39
Info (12021): Found 1 design units, including 1 entities, in source file src/display/display.v
    Info (12023): Found entity 1: display File: G:/Users/Administrador/Documents/UNAL Docs/2021 - II/Electronica Digital I/Lab/lab04-2021-2-grupo05-2021-2/src/display/display.v Line: 3
Info (12021): Found 1 design units, including 1 entities, in source file src/display/bcdtosseg.v
    Info (12023): Found entity 1: BCDtoSSeg File: G:/Users/Administrador/Documents/UNAL Docs/2021 - II/Electronica Digital I/Lab/lab04-2021-2-grupo05-2021-2/src/display/BCDtoSSeg.v Line: 1
Info (12021): Found 1 design units, including 1 entities, in source file src/bancoregistro/bancoregistro.v
    Info (12023): Found entity 1: BancoRegistro File: G:/Users/Administrador/Documents/UNAL Docs/2021 - II/Electronica Digital I/Lab/lab04-2021-2-grupo05-2021-2/src/bancoRegistro/BancoRegistro.v Line: 3
Info (12021): Found 1 design units, including 1 entities, in source file tb_bancoreg.v
    Info (12023): Found entity 1: TB_bancoreg File: G:/Users/Administrador/Documents/UNAL Docs/2021 - II/Electronica Digital I/Lab/lab04-2021-2-grupo05-2021-2/TB_bancoreg.v Line: 3
Info (12021): Found 1 design units, including 1 entities, in source file bancoreg.v
    Info (12023): Found entity 1: Bancoreg File: G:/Users/Administrador/Documents/UNAL Docs/2021 - II/Electronica Digital I/Lab/lab04-2021-2-grupo05-2021-2/Bancoreg.v Line: 7
Info (12127): Elaborating entity "Bancoreg" for the top level hierarchy
Info (12128): Elaborating entity "BancoRegistro" for hierarchy "BancoRegistro:bancoRegistro" File: G:/Users/Administrador/Documents/UNAL Docs/2021 - II/Electronica Digital I/Lab/lab04-2021-2-grupo05-2021-2/Bancoreg.v Line: 26
Info (12128): Elaborating entity "display" for hierarchy "display:disp" File: G:/Users/Administrador/Documents/UNAL Docs/2021 - II/Electronica Digital I/Lab/lab04-2021-2-grupo05-2021-2/Bancoreg.v Line: 30
Warning (10230): Verilog HDL assignment warning at display.v(31): truncated value with size 32 to match size of target (2) File: G:/Users/Administrador/Documents/UNAL Docs/2021 - II/Electronica Digital I/Lab/lab04-2021-2-grupo05-2021-2/src/display/display.v Line: 31
Warning (10272): Verilog HDL Case Statement warning at display.v(38): case item expression covers a value already covered by a previous case item File: G:/Users/Administrador/Documents/UNAL Docs/2021 - II/Electronica Digital I/Lab/lab04-2021-2-grupo05-2021-2/src/display/display.v Line: 38
Warning (10272): Verilog HDL Case Statement warning at display.v(39): case item expression covers a value already covered by a previous case item File: G:/Users/Administrador/Documents/UNAL Docs/2021 - II/Electronica Digital I/Lab/lab04-2021-2-grupo05-2021-2/src/display/display.v Line: 39
Warning (10034): Output port "led" at display.v(15) has no driver File: G:/Users/Administrador/Documents/UNAL Docs/2021 - II/Electronica Digital I/Lab/lab04-2021-2-grupo05-2021-2/src/display/display.v Line: 15
Info (12128): Elaborating entity "BCDtoSSeg" for hierarchy "display:disp|BCDtoSSeg:bcdtosseg" File: G:/Users/Administrador/Documents/UNAL Docs/2021 - II/Electronica Digital I/Lab/lab04-2021-2-grupo05-2021-2/src/display/display.v Line: 19
Warning (12241): 1 hierarchies have connectivity warnings - see the Connectivity Checks report folder
Info (286030): Timing-Driven Synthesis is running
Info (16010): Generating hard_block partition "hard_block:auto_generated_inst"
    Info (16011): Adding 0 node(s), including 0 DDIO, 0 PLL, 0 transceiver and 0 LCELL
Info (21057): Implemented 126 device resources after synthesis - the final resource count might be different
    Info (21058): Implemented 16 input pins
    Info (21059): Implemented 11 output pins
    Info (21061): Implemented 99 logic cells
Info: Quartus Prime Analysis & Synthesis was successful. 0 errors, 8 warnings
    Info: Peak virtual memory: 4759 megabytes
    Info: Processing ended: Thu Jan 27 13:30:13 2022
    Info: Elapsed time: 00:00:11
    Info: Total CPU time (on all processors): 00:00:26


